This is pdfTeX, Version 3.141592653-2.6-1.40.25 (MiKTeX 23.5) (preloaded format=pdflatex 2023.5.20)  10 DEC 2023 11:10
entering extended mode
 restricted \write18 enabled.
 file:line:error style messages enabled.
 %&-line parsing enabled.
**"c:/Users/Zsombor/Documents/Egyetem/Python/Deep Learning a gyakorlatban/Documentation/bare_jrnl_new_sample4.tex"
(c:/Users/Zsombor/Documents/Egyetem/Python/Deep Learning a gyakorlatban/Documentation/bare_jrnl_new_sample4.tex
LaTeX2e <2022-11-01> patch level 1
L3 programming layer <2023-05-15> (C:\Users\Zsombor\AppData\Local\Programs\MiKTeX\tex/latex/ieeetran\IEEEtran.cls
Document Class: IEEEtran 2015/08/26 V1.8b by Michael Shell
-- See the "IEEEtran_HOWTO" manual for usage information.
-- http://www.michaelshell.org/tex/ieeetran/
\@IEEEtrantmpdimenA=\dimen140
\@IEEEtrantmpdimenB=\dimen141
\@IEEEtrantmpdimenC=\dimen142
\@IEEEtrantmpcountA=\count185
\@IEEEtrantmpcountB=\count186
\@IEEEtrantmpcountC=\count187
\@IEEEtrantmptoksA=\toks16
LaTeX Font Info:    Trying to load font information for OT1+ptm on input line 503.
(C:\Users\Zsombor\AppData\Local\Programs\MiKTeX\tex/latex/psnfss\ot1ptm.fd
File: ot1ptm.fd 2001/06/04 font definitions for OT1/ptm.
)
-- Using 8.5in x 11in (letter) paper.
-- Using PDF output.
\@IEEEnormalsizeunitybaselineskip=\dimen143
-- This is a 10 point document.
\CLASSINFOnormalsizebaselineskip=\dimen144
\CLASSINFOnormalsizeunitybaselineskip=\dimen145
\IEEEnormaljot=\dimen146
LaTeX Font Info:    Font shape `OT1/ptm/bx/n' in size <5> not available
(Font)              Font shape `OT1/ptm/b/n' tried instead on input line 1090.
LaTeX Font Info:    Font shape `OT1/ptm/bx/it' in size <5> not available
(Font)              Font shape `OT1/ptm/b/it' tried instead on input line 1090.
LaTeX Font Info:    Font shape `OT1/ptm/bx/n' in size <7> not available
(Font)              Font shape `OT1/ptm/b/n' tried instead on input line 1090.
LaTeX Font Info:    Font shape `OT1/ptm/bx/it' in size <7> not available
(Font)              Font shape `OT1/ptm/b/it' tried instead on input line 1090.
LaTeX Font Info:    Font shape `OT1/ptm/bx/n' in size <8> not available
(Font)              Font shape `OT1/ptm/b/n' tried instead on input line 1090.
LaTeX Font Info:    Font shape `OT1/ptm/bx/it' in size <8> not available
(Font)              Font shape `OT1/ptm/b/it' tried instead on input line 1090.
LaTeX Font Info:    Font shape `OT1/ptm/bx/n' in size <9> not available
(Font)              Font shape `OT1/ptm/b/n' tried instead on input line 1090.
LaTeX Font Info:    Font shape `OT1/ptm/bx/it' in size <9> not available
(Font)              Font shape `OT1/ptm/b/it' tried instead on input line 1090.
LaTeX Font Info:    Font shape `OT1/ptm/bx/n' in size <10> not available
(Font)              Font shape `OT1/ptm/b/n' tried instead on input line 1090.
LaTeX Font Info:    Font shape `OT1/ptm/bx/it' in size <10> not available
(Font)              Font shape `OT1/ptm/b/it' tried instead on input line 1090.
LaTeX Font Info:    Font shape `OT1/ptm/bx/n' in size <11> not available
(Font)              Font shape `OT1/ptm/b/n' tried instead on input line 1090.
LaTeX Font Info:    Font shape `OT1/ptm/bx/it' in size <11> not available
(Font)              Font shape `OT1/ptm/b/it' tried instead on input line 1090.
LaTeX Font Info:    Font shape `OT1/ptm/bx/n' in size <12> not available
(Font)              Font shape `OT1/ptm/b/n' tried instead on input line 1090.
LaTeX Font Info:    Font shape `OT1/ptm/bx/it' in size <12> not available
(Font)              Font shape `OT1/ptm/b/it' tried instead on input line 1090.
LaTeX Font Info:    Font shape `OT1/ptm/bx/n' in size <17> not available
(Font)              Font shape `OT1/ptm/b/n' tried instead on input line 1090.
LaTeX Font Info:    Font shape `OT1/ptm/bx/it' in size <17> not available
(Font)              Font shape `OT1/ptm/b/it' tried instead on input line 1090.
LaTeX Font Info:    Font shape `OT1/ptm/bx/n' in size <20> not available
(Font)              Font shape `OT1/ptm/b/n' tried instead on input line 1090.
LaTeX Font Info:    Font shape `OT1/ptm/bx/it' in size <20> not available
(Font)              Font shape `OT1/ptm/b/it' tried instead on input line 1090.
LaTeX Font Info:    Font shape `OT1/ptm/bx/n' in size <24> not available
(Font)              Font shape `OT1/ptm/b/n' tried instead on input line 1090.
LaTeX Font Info:    Font shape `OT1/ptm/bx/it' in size <24> not available
(Font)              Font shape `OT1/ptm/b/it' tried instead on input line 1090.
\IEEEquantizedlength=\dimen147
\IEEEquantizedlengthdiff=\dimen148
\IEEEquantizedtextheightdiff=\dimen149
\IEEEilabelindentA=\dimen150
\IEEEilabelindentB=\dimen151
\IEEEilabelindent=\dimen152
\IEEEelabelindent=\dimen153
\IEEEdlabelindent=\dimen154
\IEEElabelindent=\dimen155
\IEEEiednormlabelsep=\dimen156
\IEEEiedmathlabelsep=\dimen157
\IEEEiedtopsep=\skip48
\c@section=\count188
\c@subsection=\count189
\c@subsubsection=\count190
\c@paragraph=\count191
\c@IEEEsubequation=\count192
\abovecaptionskip=\skip49
\belowcaptionskip=\skip50
\c@figure=\count193
\c@table=\count194
\@IEEEeqnnumcols=\count195
\@IEEEeqncolcnt=\count196
\@IEEEsubeqnnumrollback=\count197
\@IEEEquantizeheightA=\dimen158
\@IEEEquantizeheightB=\dimen159
\@IEEEquantizeheightC=\dimen160
\@IEEEquantizeprevdepth=\dimen161
\@IEEEquantizemultiple=\count198
\@IEEEquantizeboxA=\box51
\@IEEEtmpitemindent=\dimen162
\IEEEPARstartletwidth=\dimen163
\c@IEEEbiography=\count199
\@IEEEtranrubishbin=\box52
) (C:\Users\Zsombor\AppData\Local\Programs\MiKTeX\tex/latex/amsmath\amsmath.sty
Package: amsmath 2022/04/08 v2.17n AMS math features
\@mathmargin=\skip51

For additional information on amsmath, use the `?' option.
(C:\Users\Zsombor\AppData\Local\Programs\MiKTeX\tex/latex/amsmath\amstext.sty
Package: amstext 2021/08/26 v2.01 AMS text
 (C:\Users\Zsombor\AppData\Local\Programs\MiKTeX\tex/latex/amsmath\amsgen.sty
File: amsgen.sty 1999/11/30 v2.0 generic functions
\@emptytoks=\toks17
\ex@=\dimen164
)) (C:\Users\Zsombor\AppData\Local\Programs\MiKTeX\tex/latex/amsmath\amsbsy.sty
Package: amsbsy 1999/11/29 v1.2d Bold Symbols
\pmbraise@=\dimen165
) (C:\Users\Zsombor\AppData\Local\Programs\MiKTeX\tex/latex/amsmath\amsopn.sty
Package: amsopn 2022/04/08 v2.04 operator names
)
\inf@bad=\count266
LaTeX Info: Redefining \frac on input line 234.
\uproot@=\count267
\leftroot@=\count268
LaTeX Info: Redefining \overline on input line 399.
LaTeX Info: Redefining \colon on input line 410.
\classnum@=\count269
\DOTSCASE@=\count270
LaTeX Info: Redefining \ldots on input line 496.
LaTeX Info: Redefining \dots on input line 499.
LaTeX Info: Redefining \cdots on input line 620.
\Mathstrutbox@=\box53
\strutbox@=\box54
LaTeX Info: Redefining \big on input line 722.
LaTeX Info: Redefining \Big on input line 723.
LaTeX Info: Redefining \bigg on input line 724.
LaTeX Info: Redefining \Bigg on input line 725.
\big@size=\dimen166
LaTeX Font Info:    Redeclaring font encoding OML on input line 743.
LaTeX Font Info:    Redeclaring font encoding OMS on input line 744.
\macc@depth=\count271
LaTeX Info: Redefining \bmod on input line 905.
LaTeX Info: Redefining \pmod on input line 910.
LaTeX Info: Redefining \smash on input line 940.
LaTeX Info: Redefining \relbar on input line 970.
LaTeX Info: Redefining \Relbar on input line 971.
\c@MaxMatrixCols=\count272
\dotsspace@=\muskip16
\c@parentequation=\count273
\dspbrk@lvl=\count274
\tag@help=\toks18
\row@=\count275
\column@=\count276
\maxfields@=\count277
\andhelp@=\toks19
\eqnshift@=\dimen167
\alignsep@=\dimen168
\tagshift@=\dimen169
\tagwidth@=\dimen170
\totwidth@=\dimen171
\lineht@=\dimen172
\@envbody=\toks20
\multlinegap=\skip52
\multlinetaggap=\skip53
\mathdisplay@stack=\toks21
LaTeX Info: Redefining \[ on input line 2953.
LaTeX Info: Redefining \] on input line 2954.
) (C:\Users\Zsombor\AppData\Local\Programs\MiKTeX\tex/latex/amsfonts\amsfonts.sty
Package: amsfonts 2013/01/14 v3.01 Basic AMSFonts support
\symAMSa=\mathgroup4
\symAMSb=\mathgroup5
LaTeX Font Info:    Redeclaring math symbol \hbar on input line 98.
LaTeX Font Info:    Overwriting math alphabet `\mathfrak' in version `bold'
(Font)                  U/euf/m/n --> U/euf/b/n on input line 106.
) (C:\Users\Zsombor\AppData\Local\Programs\MiKTeX\tex/latex/algorithms\algorithmic.sty
Package: algorithmic 2009/08/24 v0.1 Document Style `algorithmic'
 (C:\Users\Zsombor\AppData\Local\Programs\MiKTeX\tex/latex/base\ifthen.sty
Package: ifthen 2022/04/13 v1.1d Standard LaTeX ifthen package (DPC)
) (C:\Users\Zsombor\AppData\Local\Programs\MiKTeX\tex/latex/graphics\keyval.sty
Package: keyval 2022/05/29 v1.15 key=value parser (DPC)
\KV@toks@=\toks22
)
\c@ALC@unique=\count278
\c@ALC@line=\count279
\c@ALC@rem=\count280
\c@ALC@depth=\count281
\ALC@tlm=\skip54
\algorithmicindent=\skip55
) (C:\Users\Zsombor\AppData\Local\Programs\MiKTeX\tex/latex/algorithms\algorithm.sty
Package: algorithm 2009/08/24 v0.1 Document Style `algorithm' - floating environment
 (C:\Users\Zsombor\AppData\Local\Programs\MiKTeX\tex/latex/float\float.sty
Package: float 2001/11/08 v1.3d Float enhancements (AL)
\c@float@type=\count282
\float@exts=\toks23
\float@box=\box55
\@float@everytoks=\toks24
\@floatcapt=\box56
)
\@float@every@algorithm=\toks25
\c@algorithm=\count283
) (C:\Users\Zsombor\AppData\Local\Programs\MiKTeX\tex/latex/tools\array.sty
Package: array 2022/09/04 v2.5g Tabular extension package (FMi)
\col@sep=\dimen173
\ar@mcellbox=\box57
\extrarowheight=\dimen174
\NC@list=\toks26
\extratabsurround=\skip56
\backup@length=\skip57
\ar@cellbox=\box58
) (C:\Users\Zsombor\AppData\Local\Programs\MiKTeX\tex/latex/subfig\subfig.sty
Package: subfig 2005/06/28 ver: 1.3 subfig package
 (C:\Users\Zsombor\AppData\Local\Programs\MiKTeX\tex/latex/caption\caption3.sty
Package: caption3 2023/07/31 v2.4d caption3 kernel (AR)
\caption@tempdima=\dimen175
\captionmargin=\dimen176
\caption@leftmargin=\dimen177
\caption@rightmargin=\dimen178
\caption@width=\dimen179
\caption@indent=\dimen180
\caption@parindent=\dimen181
\caption@hangindent=\dimen182
Package caption Info: Unknown document class (or package),
(caption)             standard defaults will be used.
Package caption Info: \@makecaption = \long macro:#1#2->\ifx \@captype \@IEEEtablestring \footnotesize \bgroup \par \centering \@IEEEtabletopskipstrut {\normalfont \footnotesize #1}\\{\normalfont \footnotesize \scshape #2}\par \addvspace {0.5\baselineskip }\egroup \@IEEEtablecaptionsepspace \else \@IEEEfigurecaptionsepspace \setbox \@tempboxa \hbox {\normalfont \footnotesize {#1.}\nobreakspace \nobreakspace #2}\ifdim \wd \@tempboxa >\hsize \setbox \@tempboxa \hbox {\normalfont \footnotesize {#1.}\nobreakspace \nobreakspace }\parbox [t]{\hsize }{\normalfont \footnotesize \noindent \unhbox \@tempboxa #2}\else \ifCLASSOPTIONconference \hbox to\hsize {\normalfont \footnotesize \hfil \box \@tempboxa \hfil }\else \hbox to\hsize {\normalfont \footnotesize \box \@tempboxa \hfil }\fi \fi \fi  on input line 1175.
)
\c@KVtest=\count284
\sf@farskip=\skip58
\sf@captopadj=\dimen183
\sf@capskip=\skip59
\sf@nearskip=\skip60
\c@subfigure=\count285
\c@subfigure@save=\count286
\c@lofdepth=\count287
\c@subtable=\count288
\c@subtable@save=\count289
\c@lotdepth=\count290
\sf@top=\skip61
\sf@bottom=\skip62
) (C:\Users\Zsombor\AppData\Local\Programs\MiKTeX\tex/latex/base\textcomp.sty
Package: textcomp 2020/02/02 v2.0n Standard LaTeX package
) (C:\Users\Zsombor\AppData\Local\Programs\MiKTeX\tex/latex/sttools\stfloats.sty
Package: stfloats 2017/03/27 v3.3 Improve float mechanism and baselineskip settings
\@dblbotnum=\count291
\c@dblbotnumber=\count292
) (C:\Users\Zsombor\AppData\Local\Programs\MiKTeX\tex/latex/url\url.sty
\Urlmuskip=\muskip17
Package: url 2013/09/16  ver 3.4  Verb mode for urls, etc.
) (C:\Users\Zsombor\AppData\Local\Programs\MiKTeX\tex/latex/tools\verbatim.sty
Package: verbatim 2022-07-02 v1.5u LaTeX2e package for verbatim enhancements
\every@verbatim=\toks27
\verbatim@line=\toks28
\verbatim@in@stream=\read2
) (C:\Users\Zsombor\AppData\Local\Programs\MiKTeX\tex/latex/graphics\graphicx.sty
Package: graphicx 2021/09/16 v1.2d Enhanced LaTeX Graphics (DPC,SPQR)
 (C:\Users\Zsombor\AppData\Local\Programs\MiKTeX\tex/latex/graphics\graphics.sty
Package: graphics 2022/03/10 v1.4e Standard LaTeX Graphics (DPC,SPQR)
 (C:\Users\Zsombor\AppData\Local\Programs\MiKTeX\tex/latex/graphics\trig.sty
Package: trig 2021/08/11 v1.11 sin cos tan (DPC)
) (C:\Users\Zsombor\AppData\Local\Programs\MiKTeX\tex/latex/graphics-cfg\graphics.cfg
File: graphics.cfg 2016/06/04 v1.11 sample graphics configuration
)
Package graphics Info: Driver file: pdftex.def on input line 107.
 (C:\Users\Zsombor\AppData\Local\Programs\MiKTeX\tex/latex/graphics-def\pdftex.def
File: pdftex.def 2022/09/22 v1.2b Graphics/color driver for pdftex
))
\Gin@req@height=\dimen184
\Gin@req@width=\dimen185
) (C:\Users\Zsombor\AppData\Local\Programs\MiKTeX\tex/latex/cite\cite.sty
LaTeX Info: Redefining \cite on input line 302.
LaTeX Info: Redefining \nocite on input line 332.
Package: cite 2015/02/27  v 5.5
) (C:\Users\Zsombor\AppData\Local\Programs\MiKTeX\tex/latex/l3backend\l3backend-pdftex.def
File: l3backend-pdftex.def 2023-04-19 L3 backend support: PDF output (pdfTeX)
\l__color_backend_stack_int=\count293
\l__pdf_internal_box=\box59
)

LaTeX Warning: Unused global option(s):
    [lettersize].

(bare_jrnl_new_sample4.aux)
\openout1 = `bare_jrnl_new_sample4.aux'.

LaTeX Font Info:    Checking defaults for OML/cmm/m/it on input line 16.
LaTeX Font Info:    ... okay on input line 16.
LaTeX Font Info:    Checking defaults for OMS/cmsy/m/n on input line 16.
LaTeX Font Info:    ... okay on input line 16.
LaTeX Font Info:    Checking defaults for OT1/cmr/m/n on input line 16.
LaTeX Font Info:    ... okay on input line 16.
LaTeX Font Info:    Checking defaults for T1/cmr/m/n on input line 16.
LaTeX Font Info:    ... okay on input line 16.
LaTeX Font Info:    Checking defaults for TS1/cmr/m/n on input line 16.
LaTeX Font Info:    ... okay on input line 16.
LaTeX Font Info:    Checking defaults for OMX/cmex/m/n on input line 16.
LaTeX Font Info:    ... okay on input line 16.
LaTeX Font Info:    Checking defaults for U/cmr/m/n on input line 16.
LaTeX Font Info:    ... okay on input line 16.

-- Lines per column: 58 (exact).
Package caption Info: Begin \AtBeginDocument code.
Package caption Info: subfig package v1.3 is loaded.
Package caption Info: End \AtBeginDocument code.
(C:\Users\Zsombor\AppData\Local\Programs\MiKTeX\tex/context/base/mkii\supp-pdf.mkii
[Loading MPS to PDF converter (version 2006.09.02).]
\scratchcounter=\count294
\scratchdimen=\dimen186
\scratchbox=\box60
\nofMPsegments=\count295
\nofMParguments=\count296
\everyMPshowfont=\toks29
\MPscratchCnt=\count297
\MPscratchDim=\dimen187
\MPnumerator=\count298
\makeMPintoPDFobject=\count299
\everyMPtoPDFconversion=\toks30
) (C:\Users\Zsombor\AppData\Local\Programs\MiKTeX\tex/latex/epstopdf-pkg\epstopdf-base.sty
Package: epstopdf-base 2020-01-24 v2.11 Base part for package epstopdf
Package epstopdf-base Info: Redefining graphics rule for `.eps' on input line 485.
 (C:\Users\Zsombor\AppData\Local\Programs\MiKTeX\tex/latex/00miktex\epstopdf-sys.cfg
File: epstopdf-sys.cfg 2021/03/18 v2.0 Configuration of epstopdf for MiKTeX
))
LaTeX Font Info:    Trying to load font information for U+msa on input line 36.
 (C:\Users\Zsombor\AppData\Local\Programs\MiKTeX\tex/latex/amsfonts\umsa.fd
File: umsa.fd 2013/01/14 v3.01 AMS symbols A
)
LaTeX Font Info:    Trying to load font information for U+msb on input line 36.
 (C:\Users\Zsombor\AppData\Local\Programs\MiKTeX\tex/latex/amsfonts\umsb.fd
File: umsb.fd 2013/01/14 v3.01 AMS symbols B
)
LaTeX Font Info:    Trying to load font information for TS1+ptm on input line 49.
 (C:\Users\Zsombor\AppData\Local\Programs\MiKTeX\tex/latex/psnfss\ts1ptm.fd
File: ts1ptm.fd 2001/06/04 font definitions for TS1/ptm.
) [1{C:/Users/Zsombor/AppData/Local/MiKTeX/fonts/map/pdftex/pdftex.map}{C:/Users/Zsombor/AppData/Local/Programs/MiKTeX/fonts/enc/dvips/base/8r.enc}


]
LaTeX Font Info:    Trying to load font information for OT1+pcr on input line 89.
 (C:\Users\Zsombor\AppData\Local\Programs\MiKTeX\tex/latex/psnfss\ot1pcr.fd
File: ot1pcr.fd 2001/06/04 font definitions for OT1/pcr.
)
LaTeX Font Info:    Trying to load font information for OMS+pcr on input line 92.
 (C:\Users\Zsombor\AppData\Local\Programs\MiKTeX\tex/latex/psnfss\omspcr.fd
File: omspcr.fd 
)
LaTeX Font Info:    Font shape `OMS/pcr/m/n' in size <10> not available
(Font)              Font shape `OMS/cmsy/m/n' tried instead on input line 92.

Underfull \hbox (badness 10000) in paragraph at lines 92--94
[]\OT1/ptm/m/n/10 For mul-ti-ple ci-ta-tions code as fol-lows:
 []


Underfull \hbox (badness 10000) in paragraph at lines 92--94
\OMS/cmsy/m/n/10 n$\OT1/pcr/m/n/10 cite\OMS/cmsy/m/n/10 f\OT1/pcr/m/n/10 ref1,ref2,ref3\OMS/cmsy/m/n/10 g \OT1/ptm/m/n/10 which will pro-duce [1]--
 []


Underfull \hbox (badness 4739) in paragraph at lines 92--94
\OMS/cmsy/m/n/10 n$\OT1/pcr/m/n/10 cite\OMS/cmsy/m/n/10 f\OT1/pcr/m/n/10 ref1,ref2,ref3,ref9\OMS/cmsy/m/n/10 g \OT1/ptm/m/n/10 which will pro-duce
 []


Underfull \hbox (badness 10000) in paragraph at lines 96--97

 []

<fig1.png, id=14, 188.20313pt x 173.89969pt>
File: fig1.png Graphic file (type png)
<use fig1.png>
Package pdftex.def Info: fig1.png  used on input line 136.
(pdftex.def)             Requested size: 180.67499pt x 166.95505pt.
File: fig1.png Graphic file (type png)
<use fig1.png>
Package pdftex.def Info: fig1.png  used on input line 151.
(pdftex.def)             Requested size: 180.67499pt x 166.95505pt.
LaTeX Font Info:    Trying to load font information for OT1+phv on input line 151.
(C:\Users\Zsombor\AppData\Local\Programs\MiKTeX\tex/latex/psnfss\ot1phv.fd
File: ot1phv.fd 2020/03/25 scalable font definitions for OT1/phv.
)
File: fig1.png Graphic file (type png)
<use fig1.png>
Package pdftex.def Info: fig1.png  used on input line 154.
(pdftex.def)             Requested size: 180.67499pt x 166.95505pt.
 [2 <./fig1.png>]
Underfull \hbox (badness 10000) in paragraph at lines 216--217
[]\OT1/ptm/m/n/10 Further ex-am-ples can be found at $http : / / journals .
 []


Underfull \hbox (badness 10000) in paragraph at lines 216--217
\OT1/ptm/m/n/10 ieeeauthorcenter . ieee . org / wp-[]content / uploads / sites / 7 /
 []


Underfull \hbox (badness 10000) in paragraph at lines 243--245

 []

[3] [4] [5]
Underfull \hbox (badness 4832) in paragraph at lines 538--543
[]\OT1/ptm/m/n/10 You can use a bib-li-og-ra-phy gen-er-ated by Bib-TeX
 []


Underfull \hbox (badness 4608) in paragraph at lines 538--543
\OT1/ptm/m/n/10 as a .bbl file. Bib-TeX doc-u-men-ta-tion can be eas-ily
 []


Underfull \hbox (badness 6380) in paragraph at lines 538--543
\OT1/ptm/m/n/10 ob-tained at: http://mirror.ctan.org/biblio/bibtex/contrib/doc/
 []


Underfull \hbox (badness 10000) in paragraph at lines 538--543
\OT1/ptm/m/n/10 The IEEE-tran Bib-TeX style sup-port page is:
 []

File: fig1.png Graphic file (type png)
<use fig1.png>
Package pdftex.def Info: fig1.png  used on input line 598.
(pdftex.def)             Requested size: 72.27031pt x 66.77777pt.
File: fig1.png Graphic file (type png)
<use fig1.png>
Package pdftex.def Info: fig1.png  used on input line 598.
(pdftex.def)             Requested size: 72.27031pt x 66.77777pt.
LaTeX Font Info:    Font shape `OMS/pcr/m/n' in size <8> not available
(Font)              Font shape `OMS/cmsy/m/n' tried instead on input line 599.

Underfull \hbox (badness 10000) in paragraph at lines 598--601
\OT1/ptm/m/n/8 and then for the 1st ar-gu-ment use
 []


Underfull \hbox (badness 10000) in paragraph at lines 598--601
\OMS/cmsy/m/n/8 n$\OT1/pcr/m/n/8 includegraphics \OT1/ptm/m/n/8 to de-clare and link
 []

[6] (bare_jrnl_new_sample4.aux) ) 
Here is how much of TeX's memory you used:
 4939 strings out of 476411
 87672 string characters out of 5788190
 1873845 words of memory out of 5000000
 25203 multiletter control sequences out of 15000+600000
 570573 words of font info for 139 fonts, out of 8000000 for 9000
 1145 hyphenation exceptions out of 8191
 57i,11n,63p,1056b,510s stack positions out of 10000i,1000n,20000p,200000b,200000s
<C:/Users/Zsombor/AppData/Local/Programs/MiKTeX/fonts/type1/public/amsfonts/cm/cmbx10.pfb><C:/Users/Zsombor/AppData/Local/Programs/MiKTeX/fonts/type1/public/amsfonts/cm/cmbx7.pfb><C:/Users/Zsombor/AppData/Local/Programs/MiKTeX/fonts/type1/public/amsfonts/cm/cmex10.pfb><C:/Users/Zsombor/AppData/Local/Programs/MiKTeX/fonts/type1/public/amsfonts/cm/cmmi10.pfb><C:/Users/Zsombor/AppData/Local/Programs/MiKTeX/fonts/type1/public/amsfonts/cm/cmmi5.pfb><C:/Users/Zsombor/AppData/Local/Programs/MiKTeX/fonts/type1/public/amsfonts/cm/cmmi7.pfb><C:/Users/Zsombor/AppData/Local/Programs/MiKTeX/fonts/type1/public/amsfonts/cm/cmr10.pfb><C:/Users/Zsombor/AppData/Local/Programs/MiKTeX/fonts/type1/public/amsfonts/cm/cmr7.pfb><C:/Users/Zsombor/AppData/Local/Programs/MiKTeX/fonts/type1/public/amsfonts/cm/cmsy10.pfb><C:/Users/Zsombor/AppData/Local/Programs/MiKTeX/fonts/type1/public/amsfonts/cm/cmsy7.pfb><C:/Users/Zsombor/AppData/Local/Programs/MiKTeX/fonts/type1/public/amsfonts/cm/cmsy8.pfb><C:/Users/Zsombor/AppData/Local/Programs/MiKTeX/fonts/type1/public/amsfonts/symbols/msbm10.pfb><C:/Users/Zsombor/AppData/Local/Programs/MiKTeX/fonts/type1/urw/courier/ucrr8a.pfb><C:/Users/Zsombor/AppData/Local/Programs/MiKTeX/fonts/type1/urw/helvetic/uhvr8a.pfb><C:/Users/Zsombor/AppData/Local/Programs/MiKTeX/fonts/type1/urw/times/utmb8a.pfb><C:/Users/Zsombor/AppData/Local/Programs/MiKTeX/fonts/type1/urw/times/utmbi8a.pfb><C:/Users/Zsombor/AppData/Local/Programs/MiKTeX/fonts/type1/urw/times/utmr8a.pfb><C:/Users/Zsombor/AppData/Local/Programs/MiKTeX/fonts/type1/urw/times/utmri8a.pfb>
Output written on bare_jrnl_new_sample4.pdf (6 pages, 264608 bytes).
PDF statistics:
 116 PDF objects out of 1000 (max. 8388607)
 0 named destinations out of 1000 (max. 500000)
 18 words of extra memory for PDF output out of 10000 (max. 10000000)

